# JRE version: Java(TM) SE Runtime Environment (8.0_121-b13) (build 1.8.0_121-b13)
# Java VM: Java HotSpot(TM) 64-Bit Server VM (25.121-b13 mixed mode windows-amd64 compressed oops)
Heap:
 PSYoungGen      total 110592K, used 31049K [0x00000000d8300000, 0x00000000dfc00000, 0x0000000100000000)
  eden space 98304K, 31% used [0x00000000d8300000,0x00000000da152490,0x00000000de300000)
  from space 12288K, 0% used [0x00000000df000000,0x00000000df000000,0x00000000dfc00000)
  to   space 12800K, 0% used [0x00000000de300000,0x00000000de300000,0x00000000def80000)
 ParOldGen       total 70656K, used 21766K [0x0000000088800000, 0x000000008cd00000, 0x00000000d8300000)
  object space 70656K, 30% used [0x0000000088800000,0x0000000089d41bf0,0x000000008cd00000)
 Metaspace       used 21476K, capacity 21750K, committed 22144K, reserved 1069056K
  class space    used 2696K, capacity 2825K, committed 2944K, reserved 1048576K
GC Heap History (10 events):
Event: 7.283 GC heap before
{Heap before GC invocations=7 (full 0):
 PSYoungGen      total 35840K, used 35832K [0x00000000d8300000, 0x00000000dc900000, 0x0000000100000000)
  eden space 30720K, 100% used [0x00000000d8300000,0x00000000da100000,0x00000000da100000)
  from space 5120K, 99% used [0x00000000da600000,0x00000000daafe2a0,0x00000000dab00000)
  to   space 5120K, 0% used [0x00000000da100000,0x00000000da100000,0x00000000da600000)
 ParOldGen       total 81920K, used 18411K [0x0000000088800000, 0x000000008d800000, 0x00000000d8300000)
  object space 81920K, 22% used [0x0000000088800000,0x00000000899fae30,0x000000008d800000)
 Metaspace       used 15116K, capacity 15228K, committed 15488K, reserved 1062912K
  class space    used 1822K, capacity 1876K, committed 1920K, reserved 1048576K
Event: 7.314 GC heap after
Heap after GC invocations=7 (full 0):
 PSYoungGen      total 35840K, used 5112K [0x00000000d8300000, 0x00000000dda00000, 0x0000000100000000)
  eden space 30720K, 0% used [0x00000000d8300000,0x00000000d8300000,0x00000000da100000)
  from space 5120K, 99% used [0x00000000da100000,0x00000000da5fe290,0x00000000da600000)
  to   space 13824K, 0% used [0x00000000dcc80000,0x00000000dcc80000,0x00000000dda00000)
 ParOldGen       total 81920K, used 21691K [0x0000000088800000, 0x000000008d800000, 0x00000000d8300000)
  object space 81920K, 26% used [0x0000000088800000,0x0000000089d2ec70,0x000000008d800000)
 Metaspace       used 15116K, capacity 15228K, committed 15488K, reserved 1062912K
  class space    used 1822K, capacity 1876K, committed 1920K, reserved 1048576K
}
Event: 8.725 GC heap before
{Heap before GC invocations=8 (full 0):
 PSYoungGen      total 35840K, used 35832K [0x00000000d8300000, 0x00000000dda00000, 0x0000000100000000)
  eden space 30720K, 100% used [0x00000000d8300000,0x00000000da100000,0x00000000da100000)
  from space 5120K, 99% used [0x00000000da100000,0x00000000da5fe290,0x00000000da600000)
  to   space 13824K, 0% used [0x00000000dcc80000,0x00000000dcc80000,0x00000000dda00000)
 ParOldGen       total 81920K, used 21691K [0x0000000088800000, 0x000000008d800000, 0x00000000d8300000)
  object space 81920K, 26% used [0x0000000088800000,0x0000000089d2ec70,0x000000008d800000)
 Metaspace       used 16964K, capacity 17096K, committed 17280K, reserved 1064960K
  class space    used 2057K, capacity 2072K, committed 2176K, reserved 1048576K
Event: 8.738 GC heap after
Heap after GC invocations=8 (full 0):
 PSYoungGen      total 74240K, used 6173K [0x00000000d8300000, 0x00000000dd900000, 0x0000000100000000)
  eden space 61440K, 0% used [0x00000000d8300000,0x00000000d8300000,0x00000000dbf00000)
  from space 12800K, 48% used [0x00000000dcc80000,0x00000000dd287670,0x00000000dd900000)
  to   space 13312K, 0% used [0x00000000dbf00000,0x00000000dbf00000,0x00000000dcc00000)
 ParOldGen       total 81920K, used 23184K [0x0000000088800000, 0x000000008d800000, 0x00000000d8300000)
  object space 81920K, 28% used [0x0000000088800000,0x0000000089ea4090,0x000000008d800000)
 Metaspace       used 16964K, capacity 17096K, committed 17280K, reserved 1064960K
  class space    used 2057K, capacity 2072K, committed 2176K, reserved 1048576K
}
Event: 9.957 GC heap before
{Heap before GC invocations=9 (full 0):
 PSYoungGen      total 74240K, used 67613K [0x00000000d8300000, 0x00000000dd900000, 0x0000000100000000)
  eden space 61440K, 100% used [0x00000000d8300000,0x00000000dbf00000,0x00000000dbf00000)
  from space 12800K, 48% used [0x00000000dcc80000,0x00000000dd287670,0x00000000dd900000)
  to   space 13312K, 0% used [0x00000000dbf00000,0x00000000dbf00000,0x00000000dcc00000)
 ParOldGen       total 81920K, used 23184K [0x0000000088800000, 0x000000008d800000, 0x00000000d8300000)
  object space 81920K, 28% used [0x0000000088800000,0x0000000089ea4090,0x000000008d800000)
 Metaspace       used 19448K, capacity 19670K, committed 19968K, reserved 1067008K
  class space    used 2388K, capacity 2473K, committed 2560K, reserved 1048576K
Event: 9.985 GC heap after
Heap after GC invocations=9 (full 0):
 PSYoungGen      total 74752K, used 9325K [0x00000000d8300000, 0x00000000dfd00000, 0x0000000100000000)
  eden space 61440K, 0% used [0x00000000d8300000,0x00000000d8300000,0x00000000dbf00000)
  from space 13312K, 70% used [0x00000000dbf00000,0x00000000dc81b4c0,0x00000000dcc00000)
  to   space 13312K, 0% used [0x00000000df000000,0x00000000df000000,0x00000000dfd00000)
 ParOldGen       total 81920K, used 24545K [0x0000000088800000, 0x000000008d800000, 0x00000000d8300000)
  object space 81920K, 29% used [0x0000000088800000,0x0000000089ff87d0,0x000000008d800000)
 Metaspace       used 19448K, capacity 19670K, committed 19968K, reserved 1067008K
  class space    used 2388K, capacity 2473K, committed 2560K, reserved 1048576K
}
Event: 12.143 GC heap before
{Heap before GC invocations=10 (full 0):
 PSYoungGen      total 74752K, used 69405K [0x00000000d8300000, 0x00000000dfd00000, 0x0000000100000000)
  eden space 61440K, 97% used [0x00000000d8300000,0x00000000dbdac2d0,0x00000000dbf00000)
  from space 13312K, 70% used [0x00000000dbf00000,0x00000000dc81b4c0,0x00000000dcc00000)
  to   space 13312K, 0% used [0x00000000df000000,0x00000000df000000,0x00000000dfd00000)
 ParOldGen       total 81920K, used 24545K [0x0000000088800000, 0x000000008d800000, 0x00000000d8300000)
  object space 81920K, 29% used [0x0000000088800000,0x0000000089ff87d0,0x000000008d800000)
 Metaspace       used 20866K, capacity 21046K, committed 21248K, reserved 1067008K
  class space    used 2610K, capacity 2697K, committed 2816K, reserved 1048576K
Event: 12.167 GC heap after
Heap after GC invocations=10 (full 0):
 PSYoungGen      total 110592K, used 7616K [0x00000000d8300000, 0x00000000dfc00000, 0x0000000100000000)
  eden space 98304K, 0% used [0x00000000d8300000,0x00000000d8300000,0x00000000de300000)
  from space 12288K, 61% used [0x00000000df000000,0x00000000df7701b0,0x00000000dfc00000)
  to   space 12800K, 0% used [0x00000000de300000,0x00000000de300000,0x00000000def80000)
 ParOldGen       total 81920K, used 28438K [0x0000000088800000, 0x000000008d800000, 0x00000000d8300000)
  object space 81920K, 34% used [0x0000000088800000,0x000000008a3c5b58,0x000000008d800000)
 Metaspace       used 20866K, capacity 21046K, committed 21248K, reserved 1067008K
  class space    used 2610K, capacity 2697K, committed 2816K, reserved 1048576K
}
Event: 12.167 GC heap before
{Heap before GC invocations=11 (full 1):
 PSYoungGen      total 110592K, used 7616K [0x00000000d8300000, 0x00000000dfc00000, 0x0000000100000000)
  eden space 98304K, 0% used [0x00000000d8300000,0x00000000d8300000,0x00000000de300000)
  from space 12288K, 61% used [0x00000000df000000,0x00000000df7701b0,0x00000000dfc00000)
  to   space 12800K, 0% used [0x00000000de300000,0x00000000de300000,0x00000000def80000)
 ParOldGen       total 81920K, used 28438K [0x0000000088800000, 0x000000008d800000, 0x00000000d8300000)
  object space 81920K, 34% used [0x0000000088800000,0x000000008a3c5b58,0x000000008d800000)
 Metaspace       used 20866K, capacity 21046K, committed 21248K, reserved 1067008K
  class space    used 2610K, capacity 2697K, committed 2816K, reserved 1048576K
Event: 12.328 GC heap after
Heap after GC invocations=11 (full 1):
 PSYoungGen      total 110592K, used 0K [0x00000000d8300000, 0x00000000dfc00000, 0x0000000100000000)
  eden space 98304K, 0% used [0x00000000d8300000,0x00000000d8300000,0x00000000de300000)
  from space 12288K, 0% used [0x00000000df000000,0x00000000df000000,0x00000000dfc00000)
  to   space 12800K, 0% used [0x00000000de300000,0x00000000de300000,0x00000000def80000)
 ParOldGen       total 70656K, used 21766K [0x0000000088800000, 0x000000008cd00000, 0x00000000d8300000)
  object space 70656K, 30% used [0x0000000088800000,0x0000000089d41bf0,0x000000008cd00000)
 Metaspace       used 20866K, capacity 21046K, committed 21248K, reserved 1067008K
  class space    used 2610K, capacity 2697K, committed 2816K, reserved 1048576K
}

